2014-09-15 15:48:09,848 ERROR d.v.e.EdiListMain [JavaFX Application Thread] Fehler beim Laden der fxml-Resource
java.lang.IllegalStateException: Location is not set.
	at javafx.fxml.FXMLLoader.loadImpl(FXMLLoader.java:2428) ~[jfxrt.jar:?]
	at javafx.fxml.FXMLLoader.load(FXMLLoader.java:2403) ~[jfxrt.jar:?]
	at de.vbl.ediliste.EdiListMain.loadAndStartController(EdiListMain.java:48) [bin/:?]
	at de.vbl.ediliste.EdiListMain.start(EdiListMain.java:35) [bin/:?]
	at com.sun.javafx.application.LauncherImpl.lambda$launchApplication1$153(LauncherImpl.java:821) [jfxrt.jar:?]
	at com.sun.javafx.application.LauncherImpl$$Lambda$51/228791729.run(Unknown Source) [jfxrt.jar:?]
	at com.sun.javafx.application.PlatformImpl.lambda$runAndWait$166(PlatformImpl.java:323) [jfxrt.jar:?]
	at com.sun.javafx.application.PlatformImpl$$Lambda$45/1051754451.run(Unknown Source) [jfxrt.jar:?]
	at com.sun.javafx.application.PlatformImpl.lambda$null$164(PlatformImpl.java:292) [jfxrt.jar:?]
	at com.sun.javafx.application.PlatformImpl$$Lambda$47/1965767442.run(Unknown Source) [jfxrt.jar:?]
	at java.security.AccessController.doPrivileged(Native Method) [?:1.8.0_20]
	at com.sun.javafx.application.PlatformImpl.lambda$runLater$165(PlatformImpl.java:291) [jfxrt.jar:?]
	at com.sun.javafx.application.PlatformImpl$$Lambda$46/1775282465.run(Unknown Source) [jfxrt.jar:?]
	at com.sun.glass.ui.InvokeLaterDispatcher$Future.run(InvokeLaterDispatcher.java:95) [jfxrt.jar:?]
	at com.sun.glass.ui.win.WinApplication._runLoop(Native Method) [jfxrt.jar:?]
	at com.sun.glass.ui.win.WinApplication.lambda$null$141(WinApplication.java:102) [jfxrt.jar:?]
	at com.sun.glass.ui.win.WinApplication$$Lambda$37/1109371569.run(Unknown Source) [jfxrt.jar:?]
	at java.lang.Thread.run(Thread.java:745) [?:1.8.0_20]
2014-09-15 15:50:01,876 ERROR d.v.e.EdiListMain [JavaFX Application Thread] Fehler beim Laden der fxml-Resource
java.lang.IllegalStateException: Location is not set.
	at javafx.fxml.FXMLLoader.loadImpl(FXMLLoader.java:2428) ~[jfxrt.jar:?]
	at javafx.fxml.FXMLLoader.load(FXMLLoader.java:2403) ~[jfxrt.jar:?]
	at de.vbl.ediliste.EdiListMain.loadAndStartController(EdiListMain.java:48) [bin/:?]
	at de.vbl.ediliste.EdiListMain.start(EdiListMain.java:35) [bin/:?]
	at com.sun.javafx.application.LauncherImpl.lambda$launchApplication1$153(LauncherImpl.java:821) [jfxrt.jar:?]
	at com.sun.javafx.application.LauncherImpl$$Lambda$51/1533533838.run(Unknown Source) [jfxrt.jar:?]
	at com.sun.javafx.application.PlatformImpl.lambda$runAndWait$166(PlatformImpl.java:323) [jfxrt.jar:?]
	at com.sun.javafx.application.PlatformImpl$$Lambda$45/1051754451.run(Unknown Source) [jfxrt.jar:?]
	at com.sun.javafx.application.PlatformImpl.lambda$null$164(PlatformImpl.java:292) [jfxrt.jar:?]
	at com.sun.javafx.application.PlatformImpl$$Lambda$47/197390767.run(Unknown Source) [jfxrt.jar:?]
	at java.security.AccessController.doPrivileged(Native Method) [?:1.8.0_20]
	at com.sun.javafx.application.PlatformImpl.lambda$runLater$165(PlatformImpl.java:291) [jfxrt.jar:?]
	at com.sun.javafx.application.PlatformImpl$$Lambda$46/1775282465.run(Unknown Source) [jfxrt.jar:?]
	at com.sun.glass.ui.InvokeLaterDispatcher$Future.run(InvokeLaterDispatcher.java:95) [jfxrt.jar:?]
	at com.sun.glass.ui.win.WinApplication._runLoop(Native Method) [jfxrt.jar:?]
	at com.sun.glass.ui.win.WinApplication.lambda$null$141(WinApplication.java:102) [jfxrt.jar:?]
	at com.sun.glass.ui.win.WinApplication$$Lambda$37/1109371569.run(Unknown Source) [jfxrt.jar:?]
	at java.lang.Thread.run(Thread.java:745) [?:1.8.0_20]
2014-09-15 18:32:28,708 ERROR d.v.e.EdiListMain [JavaFX Application Thread] Fehler beim Laden der fxml-Resource
javafx.fxml.LoadException: 
/C:/Data/git/repos/EdiListFX/bin/de/vbl/ediliste/view/EdiMain.fxml:91

	at javafx.fxml.FXMLLoader.constructLoadException(FXMLLoader.java:2595) ~[jfxrt.jar:?]
	at javafx.fxml.FXMLLoader.loadImpl(FXMLLoader.java:2573) ~[jfxrt.jar:?]
	at javafx.fxml.FXMLLoader.loadImpl(FXMLLoader.java:2435) ~[jfxrt.jar:?]
	at javafx.fxml.FXMLLoader.load(FXMLLoader.java:2403) ~[jfxrt.jar:?]
	at de.vbl.ediliste.EdiListMain.loadAndStartController(EdiListMain.java:49) [bin/:?]
	at de.vbl.ediliste.EdiListMain.start(EdiListMain.java:36) [bin/:?]
	at com.sun.javafx.application.LauncherImpl.lambda$launchApplication1$153(LauncherImpl.java:821) [jfxrt.jar:?]
	at com.sun.javafx.application.LauncherImpl$$Lambda$51/1023911383.run(Unknown Source) [jfxrt.jar:?]
	at com.sun.javafx.application.PlatformImpl.lambda$runAndWait$166(PlatformImpl.java:323) [jfxrt.jar:?]
	at com.sun.javafx.application.PlatformImpl$$Lambda$44/1051754451.run(Unknown Source) [jfxrt.jar:?]
	at com.sun.javafx.application.PlatformImpl.lambda$null$164(PlatformImpl.java:292) [jfxrt.jar:?]
	at com.sun.javafx.application.PlatformImpl$$Lambda$47/879507389.run(Unknown Source) [jfxrt.jar:?]
	at java.security.AccessController.doPrivileged(Native Method) [?:1.8.0_20]
	at com.sun.javafx.application.PlatformImpl.lambda$runLater$165(PlatformImpl.java:291) [jfxrt.jar:?]
	at com.sun.javafx.application.PlatformImpl$$Lambda$46/1775282465.run(Unknown Source) [jfxrt.jar:?]
	at com.sun.glass.ui.InvokeLaterDispatcher$Future.run(InvokeLaterDispatcher.java:95) [jfxrt.jar:?]
	at com.sun.glass.ui.win.WinApplication._runLoop(Native Method) [jfxrt.jar:?]
	at com.sun.glass.ui.win.WinApplication.lambda$null$141(WinApplication.java:102) [jfxrt.jar:?]
	at com.sun.glass.ui.win.WinApplication$$Lambda$37/1109371569.run(Unknown Source) [jfxrt.jar:?]
	at java.lang.Thread.run(Thread.java:745) [?:1.8.0_20]
Caused by: java.lang.IllegalArgumentException: Can not set de.vbl.ediliste.controller.EdiPartnerController field de.vbl.ediliste.controller.EdiMainController.ediPartnerController to de.vbl.ediliste.controller.EdiKomponenteController
	at sun.reflect.UnsafeFieldAccessorImpl.throwSetIllegalArgumentException(UnsafeFieldAccessorImpl.java:167) ~[?:1.8.0_20]
	at sun.reflect.UnsafeFieldAccessorImpl.throwSetIllegalArgumentException(UnsafeFieldAccessorImpl.java:171) ~[?:1.8.0_20]
	at sun.reflect.UnsafeObjectFieldAccessorImpl.set(UnsafeObjectFieldAccessorImpl.java:81) ~[?:1.8.0_20]
	at java.lang.reflect.Field.set(Field.java:758) ~[?:1.8.0_20]
	at javafx.fxml.FXMLLoader.injectFields(FXMLLoader.java:1155) ~[jfxrt.jar:?]
	at javafx.fxml.FXMLLoader.access$1600(FXMLLoader.java:104) ~[jfxrt.jar:?]
	at javafx.fxml.FXMLLoader$IncludeElement.constructValue(FXMLLoader.java:1142) ~[jfxrt.jar:?]
	at javafx.fxml.FXMLLoader$ValueElement.processStartElement(FXMLLoader.java:742) ~[jfxrt.jar:?]
	at javafx.fxml.FXMLLoader.processStartElement(FXMLLoader.java:2701) ~[jfxrt.jar:?]
	at javafx.fxml.FXMLLoader.loadImpl(FXMLLoader.java:2521) ~[jfxrt.jar:?]
	... 18 more
2014-09-15 18:32:28,795 ERROR d.v.e.EdiListMain [main] Fehler in der Anwendung
java.lang.RuntimeException: Exception in Application start method
	at com.sun.javafx.application.LauncherImpl.launchApplication1(LauncherImpl.java:875) ~[jfxrt.jar:?]
	at com.sun.javafx.application.LauncherImpl.lambda$launchApplication$147(LauncherImpl.java:157) ~[jfxrt.jar:?]
	at com.sun.javafx.application.LauncherImpl$$Lambda$48/1394438858.run(Unknown Source) ~[?:?]
	at java.lang.Thread.run(Thread.java:745) ~[?:1.8.0_20]
Caused by: java.lang.NullPointerException: Root cannot be null
	at javafx.scene.Scene.<init>(Scene.java:313) ~[jfxrt.jar:?]
	at javafx.scene.Scene.<init>(Scene.java:181) ~[jfxrt.jar:?]
	at de.vbl.ediliste.EdiListMain.start(EdiListMain.java:38) ~[bin/:?]
	at com.sun.javafx.application.LauncherImpl.lambda$launchApplication1$153(LauncherImpl.java:821) ~[jfxrt.jar:?]
	at com.sun.javafx.application.LauncherImpl$$Lambda$51/1023911383.run(Unknown Source) ~[?:?]
	at com.sun.javafx.application.PlatformImpl.lambda$runAndWait$166(PlatformImpl.java:323) ~[jfxrt.jar:?]
	at com.sun.javafx.application.PlatformImpl$$Lambda$44/1051754451.run(Unknown Source) ~[?:?]
	at com.sun.javafx.application.PlatformImpl.lambda$null$164(PlatformImpl.java:292) ~[jfxrt.jar:?]
	at com.sun.javafx.application.PlatformImpl$$Lambda$47/879507389.run(Unknown Source) ~[?:?]
	at java.security.AccessController.doPrivileged(Native Method) ~[?:1.8.0_20]
	at com.sun.javafx.application.PlatformImpl.lambda$runLater$165(PlatformImpl.java:291) ~[jfxrt.jar:?]
	at com.sun.javafx.application.PlatformImpl$$Lambda$46/1775282465.run(Unknown Source) ~[?:?]
	at com.sun.glass.ui.InvokeLaterDispatcher$Future.run(InvokeLaterDispatcher.java:95) ~[jfxrt.jar:?]
	at com.sun.glass.ui.win.WinApplication._runLoop(Native Method) ~[jfxrt.jar:?]
	at com.sun.glass.ui.win.WinApplication.lambda$null$141(WinApplication.java:102) ~[jfxrt.jar:?]
	at com.sun.glass.ui.win.WinApplication$$Lambda$37/1109371569.run(Unknown Source) ~[?:?]
	... 1 more
2014-09-15 18:43:12,333 ERROR d.v.e.EdiListMain [JavaFX Application Thread] Fehler beim Laden der fxml-Resource
javafx.fxml.LoadException: 
/C:/Data/git/repos/EdiListFX/bin/de/vbl/ediliste/view/EdiMain.fxml:91

	at javafx.fxml.FXMLLoader.constructLoadException(FXMLLoader.java:2595) ~[jfxrt.jar:?]
	at javafx.fxml.FXMLLoader.loadImpl(FXMLLoader.java:2573) ~[jfxrt.jar:?]
	at javafx.fxml.FXMLLoader.loadImpl(FXMLLoader.java:2435) ~[jfxrt.jar:?]
	at javafx.fxml.FXMLLoader.load(FXMLLoader.java:2403) ~[jfxrt.jar:?]
	at de.vbl.ediliste.EdiListMain.loadAndStartController(EdiListMain.java:49) [bin/:?]
	at de.vbl.ediliste.EdiListMain.start(EdiListMain.java:36) [bin/:?]
	at com.sun.javafx.application.LauncherImpl.lambda$launchApplication1$153(LauncherImpl.java:821) [jfxrt.jar:?]
	at com.sun.javafx.application.LauncherImpl$$Lambda$51/228791729.run(Unknown Source) [jfxrt.jar:?]
	at com.sun.javafx.application.PlatformImpl.lambda$runAndWait$166(PlatformImpl.java:323) [jfxrt.jar:?]
	at com.sun.javafx.application.PlatformImpl$$Lambda$44/1051754451.run(Unknown Source) [jfxrt.jar:?]
	at com.sun.javafx.application.PlatformImpl.lambda$null$164(PlatformImpl.java:292) [jfxrt.jar:?]
	at com.sun.javafx.application.PlatformImpl$$Lambda$47/879507389.run(Unknown Source) [jfxrt.jar:?]
	at java.security.AccessController.doPrivileged(Native Method) [?:1.8.0_20]
	at com.sun.javafx.application.PlatformImpl.lambda$runLater$165(PlatformImpl.java:291) [jfxrt.jar:?]
	at com.sun.javafx.application.PlatformImpl$$Lambda$45/1775282465.run(Unknown Source) [jfxrt.jar:?]
	at com.sun.glass.ui.InvokeLaterDispatcher$Future.run(InvokeLaterDispatcher.java:95) [jfxrt.jar:?]
	at com.sun.glass.ui.win.WinApplication._runLoop(Native Method) [jfxrt.jar:?]
	at com.sun.glass.ui.win.WinApplication.lambda$null$141(WinApplication.java:102) [jfxrt.jar:?]
	at com.sun.glass.ui.win.WinApplication$$Lambda$37/1109371569.run(Unknown Source) [jfxrt.jar:?]
	at java.lang.Thread.run(Thread.java:745) [?:1.8.0_20]
Caused by: java.lang.IllegalArgumentException: Can not set de.vbl.ediliste.controller.EdiPartnerController field de.vbl.ediliste.controller.EdiMainController.ediPartnerController to de.vbl.ediliste.controller.EdiKomponenteController
	at sun.reflect.UnsafeFieldAccessorImpl.throwSetIllegalArgumentException(UnsafeFieldAccessorImpl.java:167) ~[?:1.8.0_20]
	at sun.reflect.UnsafeFieldAccessorImpl.throwSetIllegalArgumentException(UnsafeFieldAccessorImpl.java:171) ~[?:1.8.0_20]
	at sun.reflect.UnsafeObjectFieldAccessorImpl.set(UnsafeObjectFieldAccessorImpl.java:81) ~[?:1.8.0_20]
	at java.lang.reflect.Field.set(Field.java:758) ~[?:1.8.0_20]
	at javafx.fxml.FXMLLoader.injectFields(FXMLLoader.java:1155) ~[jfxrt.jar:?]
	at javafx.fxml.FXMLLoader.access$1600(FXMLLoader.java:104) ~[jfxrt.jar:?]
	at javafx.fxml.FXMLLoader$IncludeElement.constructValue(FXMLLoader.java:1142) ~[jfxrt.jar:?]
	at javafx.fxml.FXMLLoader$ValueElement.processStartElement(FXMLLoader.java:742) ~[jfxrt.jar:?]
	at javafx.fxml.FXMLLoader.processStartElement(FXMLLoader.java:2701) ~[jfxrt.jar:?]
	at javafx.fxml.FXMLLoader.loadImpl(FXMLLoader.java:2521) ~[jfxrt.jar:?]
	... 18 more
2014-09-15 18:43:12,359 ERROR d.v.e.EdiListMain [main] Fehler in der Anwendung
java.lang.RuntimeException: Exception in Application start method
	at com.sun.javafx.application.LauncherImpl.launchApplication1(LauncherImpl.java:875) ~[jfxrt.jar:?]
	at com.sun.javafx.application.LauncherImpl.lambda$launchApplication$147(LauncherImpl.java:157) ~[jfxrt.jar:?]
	at com.sun.javafx.application.LauncherImpl$$Lambda$48/1394438858.run(Unknown Source) ~[?:?]
	at java.lang.Thread.run(Thread.java:745) ~[?:1.8.0_20]
Caused by: java.lang.NullPointerException: Root cannot be null
	at javafx.scene.Scene.<init>(Scene.java:313) ~[jfxrt.jar:?]
	at javafx.scene.Scene.<init>(Scene.java:181) ~[jfxrt.jar:?]
	at de.vbl.ediliste.EdiListMain.start(EdiListMain.java:38) ~[bin/:?]
	at com.sun.javafx.application.LauncherImpl.lambda$launchApplication1$153(LauncherImpl.java:821) ~[jfxrt.jar:?]
	at com.sun.javafx.application.LauncherImpl$$Lambda$51/228791729.run(Unknown Source) ~[?:?]
	at com.sun.javafx.application.PlatformImpl.lambda$runAndWait$166(PlatformImpl.java:323) ~[jfxrt.jar:?]
	at com.sun.javafx.application.PlatformImpl$$Lambda$44/1051754451.run(Unknown Source) ~[?:?]
	at com.sun.javafx.application.PlatformImpl.lambda$null$164(PlatformImpl.java:292) ~[jfxrt.jar:?]
	at com.sun.javafx.application.PlatformImpl$$Lambda$47/879507389.run(Unknown Source) ~[?:?]
	at java.security.AccessController.doPrivileged(Native Method) ~[?:1.8.0_20]
	at com.sun.javafx.application.PlatformImpl.lambda$runLater$165(PlatformImpl.java:291) ~[jfxrt.jar:?]
	at com.sun.javafx.application.PlatformImpl$$Lambda$45/1775282465.run(Unknown Source) ~[?:?]
	at com.sun.glass.ui.InvokeLaterDispatcher$Future.run(InvokeLaterDispatcher.java:95) ~[jfxrt.jar:?]
	at com.sun.glass.ui.win.WinApplication._runLoop(Native Method) ~[jfxrt.jar:?]
	at com.sun.glass.ui.win.WinApplication.lambda$null$141(WinApplication.java:102) ~[jfxrt.jar:?]
	at com.sun.glass.ui.win.WinApplication$$Lambda$37/1109371569.run(Unknown Source) ~[?:?]
	... 1 more
